<?xml version="1.0" encoding="UTF-8"?>
<testsuite xmlns:xsi="http://www.w3.org/2001/XMLSchema-instance" xsi:noNamespaceSchemaLocation="https://maven.apache.org/surefire/maven-surefire-plugin/xsd/surefire-test-report.xsd" name="Runner.Runner" time="31.856" tests="12" errors="0" skipped="0" failures="0">
  <properties>
[...]
</properties>
  <testcase name="Given Launch simpleformspage" classname="| Ram123 |" time="0.003"/>
  <testcase name="When Enter &quot;Ram123&quot; and click show messagebutton" classname="| Ram123 |" time="0"/>
  <testcase name="Then I validate the Message is same as &quot;Ram123&quot;" classname="| Ram123 |" time="0"/>
  <testcase name="| Ram123 |" classname="| Ram123 |" time="0.139"/>
  <testcase name="Given Launch simpleformspage" classname="| Baghayashri@444 |" time="0"/>
  <testcase name="When Enter &quot;Baghayashri@444&quot; and click show messagebutton" classname="| Baghayashri@444 |" time="0"/>
  <testcase name="Then I validate the Message is same as &quot;Baghayashri@444&quot;" classname="| Baghayashri@444 |" time="0"/>
  <testcase name="| Baghayashri@444 |" classname="| Baghayashri@444 |" time="2.356"/>
  <testcase name="Given Launch simpleformspage" classname="| Apurva### |" time="0"/>
  <testcase name="When Enter &quot;Apurva###&quot; and click show messagebutton" classname="| Apurva### |" time="0"/>
  <testcase name="Then I validate the Message is same as &quot;Apurva###&quot;" classname="| Apurva### |" time="0"/>
  <testcase name="| Apurva### |" classname="| Apurva### |" time="0.106"/>
</testsuite>